<?xml version="1.0" encoding="UTF-8"?>
<testsuites>
  <testsuite name="TestResults" errors="0" tests="39" failures="0" skipped="0" time="0.050659084">
    <testcase classname="ResearchVaultIngestionTests.RetrievalBenchmarkTests" name="unmeasuredAbstention()" time="0.003104291" />
    <testcase classname="ResearchVaultIngestionTests.RetrievalBenchmarkTests" name="abstention()" time="0.0031915" />
    <testcase classname="ResearchVaultIngestionTests.RetrievalBenchmarkTests" name="invalid()" time="0.003269417" />
    <testcase classname="ResearchVaultIngestionTests.RetrievalBenchmarkTests" name="addingAbstentionsDoesNotImproveRecall()" time="0.003229667" />
    <testcase classname="ResearchVaultIngestionTests.RetrievalBenchmarkTests" name="metrics()" time="0.003123083" />
    <testcase classname="ResearchVaultIngestionTests.RetrievalQualityGateTests" name="noClaims()" time="0.002910791" />
    <testcase classname="ResearchVaultIngestionTests.RetrievalQualityGateTests" name="claimsAndCitations()" time="0.003350583" />
    <testcase classname="ResearchVaultIngestionTests.RetrievalQualityGateTests" name="rejectsInvalidEvidence()" time="0.002989958" />
    <testcase classname="ResearchVaultIngestionTests.RetrievalQualityGateTests" name="largeSample()" time="0.003327625" />
    <testcase classname="ResearchVaultIngestionTests.RetrievalQualityGateTests" name="promotesMeasuredGain()" time="0.002877875" />
    <testcase classname="ResearchVaultIngestionTests.RetrievalQualityGateTests" name="conservativePromotion()" time="0.002870625" />
    <testcase classname="ThrottleTests.WorkflowParityAuditorTests" name="optionalTracksStaySeparate()" time="0.002990583" />
    <testcase classname="ThrottleTests.WorkflowParityAuditorTests" name="missingRequiredTrackBlocks()" time="0.002996459" />
    <testcase classname="ThrottleTests.WorkflowParityAuditorTests" name="governedDifferenceIsAcceptedUntilReview()" time="0.003004833" />
    <testcase classname="ThrottleTests.WorkflowReleaseGateTests" name="contentAddressedAuthorization()" time="0.003246084" />
    <testcase classname="ThrottleTests.WorkflowReleaseGateTests" name="manifestRevisionChain()" time="0.003150291" />
    <testcase classname="ThrottleTests.WorkflowReleaseGateTests" name="directReleaseNeedsEveryLayer()" time="0.00320625" />
    <testcase classname="ThrottleTests.WorkflowReleaseGateTests" name="contradictionsBlock()" time="0.003141042" />
    <testcase classname="ThrottleTests.WorkflowReleaseGateTests" name="staleManifestEvidenceIsRejected()" time="0.003150042" />
    <testcase classname="ThrottleTests.WorkflowReleaseLedgerStoreTests" name="tornWriteFailsClosed()" time="0.049570916" />
    <testcase classname="ThrottleTests.WorkflowReleaseLedgerStoreTests" name="unknownTargetIsRejected()" time="0.034689542" />
    <testcase classname="ThrottleTests.WorkflowReleaseLedgerStoreTests" name="fractionalTimestampIsStable()" time="0.049619833" />
    <testcase classname="ThrottleTests.WorkflowReleaseLedgerStoreTests" name="startRequiresExactAuthorization()" time="0.049689" />
    <testcase classname="ThrottleTests.WorkflowReleaseLedgerStoreTests" name="startedEffectNeedsProviderObservation()" time="0.050167708" />
    <testcase classname="ThrottleTests.WorkflowReleaseLedgerStoreTests" name="eventIdentityIsIdempotent()" time="0.045653417" />
    <testcase classname="ThrottleTests.WorkflowTechnologyReuseTests" name="mcpMustExist()" time="0.003128583" />
    <testcase classname="ThrottleTests.WorkflowTechnologyReuseTests" name="eligibleReuseDecision()" time="0.003104416" />
    <testcase classname="ThrottleTests.WorkflowTechnologyReuseTests" name="sourceRevisionIsPinned()" time="0.003108792" />
    <testcase classname="ThrottleTests.WorkflowTechnologyReuseTests" name="discoverableDoesNotMeanReusable()" time="0.003036208" />
    <testcase classname="ThrottleTests.WorkflowDependencyEvaluatorTests" name="unknownIsNotAverage()" time="0.00307575" />
    <testcase classname="ThrottleTests.WorkflowDependencyEvaluatorTests" name="discoveryCannotBeShortcut()" time="0.003056833" />
    <testcase classname="ThrottleTests.WorkflowDependencyEvaluatorTests" name="eligibleDecisionIsAdvisory()" time="0.003061042" />
    <testcase classname="ThrottleTests.WorkflowDependencyEvaluatorTests" name="hardGateOverridesScore()" time="0.003074292" />
    <testcase classname="ThrottleTests.WorkflowIPEvaluatorTests" name="staleDecisionIsRejected()" time="0.003128208" />
    <testcase classname="ThrottleTests.WorkflowIPEvaluatorTests" name="noAutomaticRelicensing()" time="0.003138" />
    <testcase classname="ThrottleTests.WorkflowIPEvaluatorTests" name="unknownRightsBlock()" time="0.003154458" />
    <testcase classname="ThrottleTests.WorkflowIPEvaluatorTests" name="sourceAvailableIsNotOpenSource()" time="0.003134708" />
    <testcase classname="ThrottleTests.PlanMCPAuthorityLifecycleTests" name="closeRevokesGrant()" time="0.045772" />
    <testcase classname="ThrottleTests.PlanMCPAuthorityLifecycleTests" name="absentAndExpiredAreInactive()" time="0.021379708" />
  </testsuite>
</testsuites>
