<?xml version="1.0" encoding="UTF-8"?>

<testsuites>
<testsuite name="TestResults" errors="0" tests="267" failures="0" time="138.76782937099992">
<testcase classname="ThrottleTests.AssistantProjectToolsTests" name="testCopiedScopeSharesRequestBudget" time="0.066579458">
</testcase>
<testcase classname="ThrottleTests.AssistantProjectToolsTests" name="testControllerRootBoundsAllOperationsAndProducesReceipts" time="0.066596875">
</testcase>
<testcase classname="ThrottleTests.AssistantProjectToolsTests" name="testMissingOrBroadRootNeverFallsBackToHome" time="0.0589065">
</testcase>
<testcase classname="ThrottleTests.AssistantProjectToolsTests" name="testNativeAdaptersShareProjectScopeWithoutInvokingAModel" time="0.058909208">
</testcase>
<testcase classname="ThrottleTests.AssistantProjectToolsTests" name="testSearchParserAndAmbiguousFields" time="0.056789709">
</testcase>
<testcase classname="ThrottleTests.BashSandboxTests" name="testAllLegacyShellCommandsAreRefused" time="0.056789416">
</testcase>
<testcase classname="ThrottleTests.BudgetAdmissionStoreTests" name="testActualOverrunIsRecordedAndBlocksNewAdmissions" time="0.101667875">
</testcase>
<testcase classname="ThrottleTests.BudgetAdmissionStoreTests" name="testCapabilityProfileRequiresEvidenceForEveryClaimedControl" time="0.1016665">
</testcase>
<testcase classname="ThrottleTests.BudgetAdmissionStoreTests" name="testExpiredReservationBlocksUntilExplicitlyReconciled" time="0.115195167">
</testcase>
<testcase classname="ThrottleTests.BudgetAdmissionStoreTests" name="testConcurrentStoresCannotBothSpendTheSameCapacity" time="0.115225042">
</testcase>
<testcase classname="ThrottleTests.BudgetAdmissionStoreTests" name="testIdempotencyReturnsTheOriginalReservationAndRejectsChangedIntent" time="0.091001834">
</testcase>
<testcase classname="ThrottleTests.BudgetAdmissionStoreTests" name="testLedgerIsPrivateAndExternalEnforcementRemainsUnavailable" time="0.090991208">
</testcase>
<testcase classname="ThrottleTests.BudgetAdmissionStoreTests" name="testSymlinkedThrottleDirectoryIsRefusedWithoutWritingThroughIt" time="0.098179833">
</testcase>
<testcase classname="ThrottleTests.BudgetAdmissionStoreTests" name="testOrdinaryWorkCannotConsumeProtectedVerificationOrReleaseReserves" time="0.098187166">
</testcase>
<testcase classname="ThrottleTests.BudgetAdmissionStoreTests" name="testUpperBoundSettlementCannotMasqueradeAsMeasuredUsage" time="0.096222541">
</testcase>
<testcase classname="ThrottleTests.BudgetAdmissionStoreTests" name="testWorldReadableLedgerIsRefused" time="0.096220917">
</testcase>
<testcase classname="ThrottleTests.ClaudeAPIKeyProtocolTests" name="test_buildRequestBody_includesAllProjectReadToolDefinitions" time="0.056525541">
</testcase>
<testcase classname="ThrottleTests.ClaudeAPIKeyProtocolTests" name="test_parseSSEEvents_extractsMultipleToolUsesInOrder" time="0.056518958">
</testcase>
<testcase classname="ThrottleTests.ClaudeAPIKeyProtocolTests" name="test_parseSSEEvents_extractsSingleToolUseAndItsAccumulatedJSON" time="0.055175542">
</testcase>
<testcase classname="ThrottleTests.ClaudeAPIKeyProtocolTests" name="test_parseSSEEvents_handlesEmptyInputObject" time="0.055163041">
</testcase>
<testcase classname="ThrottleTests.ClaudeAPIKeyProtocolTests" name="test_parseSSEEvents_handlesMalformedInputJSON_returnsEmptyInputNotCrash" time="0.056582666">
</testcase>
<testcase classname="ThrottleTests.ClaudeAPIKeyProtocolTests" name="test_rebuildMessages_lastAssistantToolUseAndUserToolResultGoNative" time="0.056575875">
</testcase>
<testcase classname="ThrottleTests.ClaudeAPIKeyProtocolTests" name="test_renderAsFencedBlock_emitsExactFormatExistingParserExpects" time="0.056013291">
</testcase>
<testcase classname="ThrottleTests.ClaudeAPIKeyProtocolTests" name="test_rebuildMessages_noPriorToolUses_isPlainTextThroughout" time="0.0560165">
</testcase>
<testcase classname="ThrottleTests.ClaudeAPIKeyProtocolTests" name="testProjectCatalogueAndSearchRoundTripRejectFieldInjection" time="0.057016625">
</testcase>
<testcase classname="ThrottleTests.ContextPacketEvidenceTests" name="test_corruptionCannotRehydrateOrProduceAValidPointer" time="0.057021042">
</testcase>
<testcase classname="ThrottleTests.ContextPacketEvidenceTests" name="test_numberingAndMetadataStayInsideTheContextBudget" time="0.098292916">
</testcase>
<testcase classname="ThrottleTests.ContextPacketEvidenceTests" name="test_pointerRequiresAnExactHash" time="0.098270292">
</testcase>
<testcase classname="ThrottleTests.ContextPacketEvidenceTests" name="test_sourceMetadataCannotExhaustTheBudget" time="0.062199">
</testcase>
<testcase classname="ThrottleTests.ContextPacketEvidenceTests" name="test_selectedEvidenceKeepsExactOriginalAndUntrustedBoundary" time="0.06223225">
</testcase>
<testcase classname="ThrottleTests.ContextPacketEvidenceTests" name="test_writeFailureIsExplicitAndDoesNotAdvertiseRehydration" time="0.264625458">
</testcase>
<testcase classname="ThrottleTests.DiagnosticArchiveTests" name="test_archiveContainsExactlyTheReviewedSummaryAndNoAdjacentFiles" time="0.264632083">
</testcase>
<testcase classname="ThrottleTests.DiagnosticArchiveTests" name="test_exportUsesTheFrozenValueAndSanitizesCanariesInsideTheZip" time="0.193855208">
</testcase>
<testcase classname="ThrottleTests.DiagnosticArchiveTests" name="test_invalidDestinationDoesNotReplaceAFileOrLeaveStagingData" time="0.19384875">
</testcase>
<testcase classname="ThrottleTests.DiagnosticReportTests" name="test_exportAllowsOnlySummary" time="0.1926135">
</testcase>
<testcase classname="ThrottleTests.DiagnosticArchiveTests" name="test_repeatedExportsArePrivateDistinctAndPreserveTheFirstArchive" time="0.1926255">
</testcase>
<testcase classname="ThrottleTests.DiagnosticReportTests" name="test_privateCanariesCannotEnterVersionFields" time="0.056027375">
</testcase>
<testcase classname="ThrottleTests.DiagnosticReportTests" name="test_unavailableCountsAreNotZero" time="0.056009458">
</testcase>
<testcase classname="ThrottleTests.OwnedProcessTerminationTests" name="testNeverCapturesThrottleItselfForTermination" time="0.092232042">
</testcase>
<testcase classname="ThrottleTests.OwnedProcessTerminationTests" name="testObservedGroupDriftPreventsAnAutomaticStopReceipt" time="0.09224325">
</testcase>
<testcase classname="ThrottleTests.OwnedProcessTerminationTests" name="testReparentingDoesNotChangeTheOwnedIdentity" time="0.0947555">
</testcase>
<testcase classname="ThrottleTests.OwnedProcessTerminationTests" name="testSuspendedGroupCanExitAndNoReplacementPIDIsAccepted" time="0.094740042">
</testcase>
<testcase classname="ThrottleTests.OwnedProcessTerminationTests" name="testTermIgnoringOrphanIsKilledWithoutTouchingAnotherSession" time="0.248028458">
</testcase>
<testcase classname="ThrottleTests.OwnedProcessTerminationTests" name="testUnreapedZombieIsAnExitReceiptUntilItsParentReaps" time="0.248026">
</testcase>
<testcase classname="ThrottleTests.PlanMCPAuthorityTests" name="test_noDescriptorIsALegacyCaller" time="0.05809225">
</testcase>
<testcase classname="ThrottleTests.PlanMCPAuthorityTests" name="test_aPrivateDescriptorLoadsAndNarrowsCalls" time="0.058118083">
</testcase>
<testcase classname="ThrottleTests.PlanMCPAuthorityTests" name="test_routerRefusesOutsideTheGrantAndUnderABrokenDescriptor" time="0.058068">
</testcase>
<testcase classname="ThrottleTests.PlanMCPAuthorityTests" name="test_symlinkedProjectResolvesToTheGrantedRoot" time="0.058063459">
</testcase>
<testcase classname="ThrottleTests.PlanMCPAuthorityTests" name="testAbsentGrantRefusesEveryTaskToolWithoutCreatingAPlan" time="0.059065">
</testcase>
<testcase classname="ThrottleTests.PlanMCPAuthorityTests" name="test_unsafeMalformedOrExpiredDescriptorsRefuseEverything" time="0.059074709">
</testcase>
<testcase classname="ThrottleTests.PlanMCPAuthorityTests" name="testGrantIsBoundToOneTaskAndRechecksItsDeadline" time="0.056990375">
</testcase>
<testcase classname="ThrottleTests.PlanMCPAuthorityTests" name="testMutationBoundaryRefusesEventAndVerdictBeforePersistence" time="0.057010333">
</testcase>
<testcase classname="ThrottleTests.PlanMCPAuthorityTests" name="testRevocationAfterPreflightPreventsClaimAtMutationBoundary" time="0.079719667">
</testcase>
<testcase classname="ThrottleTests.PlanMCPAuthorityTests" name="testRevocationPersistsAPrivateReceiptAndStopsFutureCalls" time="0.07972225">
</testcase>
<testcase classname="ThrottleTests.PlanMCPIntakeAuthorityTests" name="testAbsentOrTaskOnlyGrantCannotBootstrapOrWriteResearch" time="0.146481916">
</testcase>
<testcase classname="ThrottleTests.PlanMCPIntakeAuthorityTests" name="testConcurrentResearchWritersPreserveEveryFinding" time="0.146481375">
</testcase>
<testcase classname="ThrottleTests.PlanMCPIntakeAuthorityTests" name="testCorruptResearchIsNotOverwrittenAndRevokedMutationDoesNotCreateIt" time="0.059490416">
</testcase>
<testcase classname="ThrottleTests.PlanMCPIntakeAuthorityTests" name="testGrantReplacementCannotWidenAnAdmittedRequest" time="0.0594805">
</testcase>
<testcase classname="ThrottleTests.PlanMCPIntakeAuthorityTests" name="testResearchReaderRefusesLinksSpecialFilesAndOversizedInput" time="0.079381917">
</testcase>
<testcase classname="ThrottleTests.PlanMCPIntakeAuthorityTests" name="testIntakeRequiresExactProjectAndExplicitOperations" time="0.07940525">
</testcase>
<testcase classname="ThrottleTests.PlanMCPMissionFenceTests" name="testClaimCannotSubstituteAnotherMissionAndLegacyClaimIsNotSilentlyBound" time="0.107025834">
</testcase>
<testcase classname="ThrottleTests.PlanMCPMissionFenceTests" name="testOldGrantCannotReportAfterSameAuthorClaimsANewMission" time="0.107035791">
</testcase>
<testcase classname="ThrottleTests.PlanMCPRetryTests" name="test_changedPayloadAuthorAndExpectedSequenceAreNotValidRetries" time="0.118784792">
</testcase>
<testcase classname="ThrottleTests.PlanMCPRetryTests" name="test_concurrentIdenticalClaimRetriesWriteOneEvent" time="0.118778791">
</testcase>
<testcase classname="ThrottleTests.PlanMCPRetryTests" name="test_lostReleaseResponseCanBeRetriedAfterReassignmentWithoutReclaiming" time="0.080833708">
</testcase>
<testcase classname="ThrottleTests.PlanMCPRetryTests" name="test_jsonRetryMetadataRejectsPartialMalformedAndBooleanValues" time="0.080840667">
</testcase>
<testcase classname="ThrottleTests.PlanMCPRetryTests" name="test_staleNewEventIsRefusedEvenWhenTheSameAuthorOwnsANewClaim" time="0.10093225">
</testcase>
<testcase classname="ThrottleTests.PlanMCPRetryTests" name="test_verdictRetryDoesNotIncrementRejectionCountTwice" time="0.100956458">
</testcase>
<testcase classname="ThrottleTests.PlanMCPSchemaContractTests" name="testEveryCatalogEntryHasAProductRoute" time="0.058255834">
</testcase>
<testcase classname="ThrottleTests.PlanMCPSchemaContractTests" name="testEventAndExplorerEnumsMatchTheProductModels" time="0.058279042">
</testcase>
<testcase classname="ThrottleTests.PlanMCPSchemaContractTests" name="testProductFacadesUseTheCanonicalSchemas" time="0.060378833">
</testcase>
<testcase classname="ThrottleTests.PlanMCPSchemaContractTests" name="testResearchPillarsMatchTheProductModel" time="0.060378834">
</testcase>
<testcase classname="ThrottleTests.PlanMCPTaskRouterTests" name="test_grantedRouterPreservesLegacyRetryFormatAndReportsAStaleNewIntent" time="0.102008833">
</testcase>
<testcase classname="ThrottleTests.PlanMCPTaskRouterTests" name="test_routerCarriesIdentityAndSequenceThroughClaimEventAndVerdict" time="0.101981958">
</testcase>
<testcase classname="ThrottleTests.PlanMCPTaskRouterTests" name="test_routerRejectsInvalidMetadataBeforeAnyMutation" time="0.072870166">
</testcase>
<testcase classname="ThrottleTests.PlanMCPToolsTests" name="testAgentCannotWriteLegacyCompletedEvent" time="0.072845917">
</testcase>
<testcase classname="ThrottleTests.PlanMCPToolsTests" name="testClaimCannotBeForgedThroughTheEventTool" time="0.074639625">
</testcase>
<testcase classname="ThrottleTests.PlanMCPToolsTests" name="testClaimAnnouncesTheSotaGate" time="0.074649334">
</testcase>
<testcase classname="ThrottleTests.PlanMCPToolsTests" name="testClaimRefusesAnUnmetDependency" time="0.063686792">
</testcase>
<testcase classname="ThrottleTests.PlanMCPToolsTests" name="testClaimRefusesAnUnknownTask" time="0.063736083">
</testcase>
<testcase classname="ThrottleTests.PlanMCPToolsTests" name="testEventRefusedFromANonOwner" time="0.076990542">
</testcase>
<testcase classname="ThrottleTests.PlanMCPToolsTests" name="testClaimSucceedsThenBlocksASecondAgent" time="0.077144417">
</testcase>
<testcase classname="ThrottleTests.PlanMCPToolsTests" name="testEventRefusedOnAnUnclaimedTask" time="0.078710833">
</testcase>
<testcase classname="ThrottleTests.PlanMCPToolsTests" name="testGatedCandidateParksOnlyAfterThrottleCheck" time="0.07865475">
</testcase>
<testcase classname="ThrottleTests.PlanMCPToolsTests" name="testPlanReadReportsAnAbsentPlanPlainly" time="0.060962875">
</testcase>
<testcase classname="ThrottleTests.PlanMCPToolsTests" name="testPlanReadListsOnlyActionableLeaves" time="0.062390667">
</testcase>
<testcase classname="ThrottleTests.PlanMCPToolsTests" name="testReleaseHandsTheTaskBack" time="0.082424167">
</testcase>
<testcase classname="ThrottleTests.PlanMCPToolsTests" name="testProgressAndCandidateRequireThrottleCheckBeforeUnblockingDependency" time="0.0940055">
</testcase>
<testcase classname="ThrottleTests.PlanMCPToolsTests" name="testRouterRecognizesEveryPlanToolAndRejectsUnknownOnes" time="0.068485041">
</testcase>
<testcase classname="ThrottleTests.PlanStoreTests" name="testAppendAssignsIncreasingSeqAndChainsHashes" time="0.078870625">
</testcase>
<testcase classname="ThrottleTests.PlanStoreTests" name="testDependencyStillBlocksWhenUpstreamIsUnfinished" time="0.066607625">
</testcase>
<testcase classname="ThrottleTests.PlanStoreTests" name="testEditedLogBreaksTheChain" time="0.083971166">
</testcase>
<testcase classname="ThrottleTests.PlanStoreTests" name="testEditingTheFinalLineIsNotDetected" time="0.07138425">
</testcase>
<testcase classname="ThrottleTests.PlanStoreTests" name="testFirstEventIsVisibleToAFreshStoreAndSurvivesADroppedCache" time="0.062031334">
</testcase>
<testcase classname="ThrottleTests.PlanStoreTests" name="testFullyRewrittenChainIsIndistinguishable" time="0.078203709">
</testcase>
<testcase classname="ThrottleTests.PlanStoreTests" name="testMissingPlanThrows" time="0.055489542">
</testcase>
<testcase classname="ThrottleTests.PlanStoreTests" name="testReplayIsCachedUntilTheLogChanges" time="0.083828709">
</testcase>
<testcase classname="ThrottleTests.PlanStoreTests" name="testResolveAppliesDependenciesAndRollup" time="0.079515917">
</testcase>
<testcase classname="ThrottleTests.PlanStoreTests" name="testTaskWithNoLogReadsAsEmpty" time="0.055639292">
</testcase>
<testcase classname="ThrottleTests.PlanStoreTests" name="testStateCacheIsFullyRebuildable" time="0.076744709">
</testcase>
<testcase classname="ThrottleTests.PlanStoreTests" name="testTornTrailingWriteIsRefusedNotRepaired" time="0.06921225">
</testcase>
<testcase classname="ThrottleTests.PlanStoreTests" name="testUnknownTaskThrows" time="0.056957042">
</testcase>
<testcase classname="ThrottleTests.PlanStoreTests" name="testUnsafeTaskIDIsRefused" time="0.058522625">
</testcase>
<testcase classname="ThrottleTests.ProjectInstructionServiceTests" name="testAnyApplicableInstructionChangeMakesProposalStale" time="0.060138458">
</testcase>
<testcase classname="ThrottleTests.ProjectInstructionServiceTests" name="testApplyRequiresExactHumanReview" time="0.059367708">
</testcase>
<testcase classname="ThrottleTests.ProjectInstructionServiceTests" name="testDiscoveryUsesCodexOverrideAndKeepsNestedProviderPrecedence" time="0.057941208">
</testcase>
<testcase classname="ThrottleTests.ProjectInstructionServiceTests" name="testReviewedApplyPreservesHumanTextAndSecondReconciliationIsIdempotent" time="0.06423225">
</testcase>
<testcase classname="ThrottleTests.ProjectInstructionServiceTests" name="testRollbackRefusesAForgedBackupPath" time="0.060864667">
</testcase>
<testcase classname="ThrottleTests.ProjectInstructionServiceTests" name="testSymlinkedInstructionFileIsRefusedWithoutReadingTarget" time="0.055107042">
</testcase>
<testcase classname="ThrottleTests.ProjectInstructionServiceTests" name="testRollbackRefusesToOverwriteAConcurrentHumanEdit" time="0.064278958">
</testcase>
<testcase classname="ThrottleTests.ProjectInstructionServiceTests" name="testSymlinkedRuleDirectoryCannotHideExternalInstructions" time="0.0572235">
</testcase>
<testcase classname="ThrottleTests.ProjectInstructionServiceTests" name="testUnconfirmedSecretAndTaskStateStatementsAreRefused" time="0.054794334">
</testcase>
<testcase classname="ThrottleTests.ProjectKnowledgeBoundaryTests" name="testLinksSpecialFilesAndReplacedRootAreRefused" time="0.056071625">
</testcase>
<testcase classname="ThrottleTests.ProjectKnowledgeExplorerTests" name="testEscapeAndSymlinkedFileAreRefused" time="0.058596667">
</testcase>
<testcase classname="ThrottleTests.ProjectKnowledgeBoundaryTests" name="testFileAndTraversalBudgetsAreExplicit" time="0.16118375">
</testcase>
<testcase classname="ThrottleTests.ProjectKnowledgeExplorerTests" name="testExactSearchNamesEveryFileItRead" time="0.060732125">
</testcase>
<testcase classname="ThrottleTests.ProjectKnowledgeExplorerTests" name="testMCPReadGrantCannotExploreASiblingProject" time="0.057520667">
</testcase>
<testcase classname="ThrottleTests.ProjectKnowledgeExplorerTests" name="testMCPRequiresAnExplicitGrantAndIsAdvertisedThroughTheSharedRouter" time="0.05726725">
</testcase>
<testcase classname="ThrottleTests.ProjectKnowledgeExplorerTests" name="testReadReturnsBoundedTextAndAnExactDigestReceipt" time="0.057956875">
</testcase>
<testcase classname="ThrottleTests.ProjectKnowledgeExplorerTests" name="testSearchMarksIncompleteWhenATextCandidateCannotBeInspected" time="0.060067208">
</testcase>
<testcase classname="ThrottleTests.ProjectKnowledgeExplorerTests" name="testSensitivePathsAreRefusedAndCredentialShapesAreRedacted" time="0.061053583">
</testcase>
<testcase classname="ThrottleTests.ProjectKnowledgeRaceTests" name="testGrowingFileCannotExceedReadBudget" time="0.07737675">
</testcase>
<testcase classname="ThrottleTests.RedTeamCampaignStoreTests" name="testCampaignRefusesTargetsOutsideTheSyntheticBoundary" time="0.066019333">
</testcase>
<testcase classname="ThrottleTests.RedTeamCampaignStoreTests" name="testDuplicateObservationKeepsOneFindingAndPrivateStorage" time="0.084252125">
</testcase>
<testcase classname="ThrottleTests.ProjectKnowledgeRaceTests" name="testAncestorSymlinkSwapsNeverReadOutsideCanary" time="0.300615542">
</testcase>
<testcase classname="ThrottleTests.TaskBudgetAdmissionTests" name="testCompletionKeepsAnExplicitUpperBoundUntilMeasuredUsageArrives" time="0.113583792">
</testcase>
<testcase classname="ThrottleTests.RedTeamCampaignStoreTests" name="testFindingNeedsTriageAndAnIndependentRetestBeforeDelivery" time="0.150421625">
</testcase>
<testcase classname="ThrottleTests.TaskBudgetAdmissionTests" name="testConfiguredResourceRequiresAnExactWorkContractAmount" time="0.068318666">
</testcase>
<testcase classname="ThrottleTests.TaskBudgetAdmissionTests" name="testExactContractCreatesPurposeBoundReservationWithLocalOnlyEnforcement" time="0.079631709">
</testcase>
<testcase classname="ThrottleTests.TaskBudgetAdmissionTests" name="testMissingLedgerIsExplicitlyUnconfiguredAndDoesNotInventCapacity" time="0.058544291">
</testcase>
<testcase classname="ThrottleTests.TaskBudgetAdmissionTests" name="testUnitMismatchRefusesBeforeReservation" time="0.07000275">
</testcase>
<testcase classname="ThrottleTests.TaskBudgetLifecycleTests" name="testBrokenBudgetLedgerRefusesTheTerminalEvent" time="0.084954291">
</testcase>
<testcase classname="ThrottleTests.TaskBudgetLifecycleTests" name="testCandidateSettlesTheLocalHoldAsAnExplicitUpperBound" time="0.107577666">
</testcase>
<testcase classname="ThrottleTests.TaskIntegrationHardeningTests" name="test_rebase_refusesModifiedTrackedFiles" time="1.564779125">
</testcase>
<testcase classname="ThrottleTests.TaskIntegrationHardeningTests" name="test_rebase_ignoresBuildOutputAVerificationLeftBehind" time="3.2305845">
</testcase>
<testcase classname="ThrottleTests.TaskIntegrationHardeningTests" name="test_verify_killsADescendantThatIgnoresSIGTERM" time="7.454344375">
</testcase>
<testcase classname="ThrottleTests.TaskIntegrationHardeningTests" name="test_verify_leavesNoDescendantRunningAfterATimeout" time="7.369828709">
</testcase>
<testcase classname="ThrottleTests.TaskIntegrationOutputTests" name="testDisplayLimitReportsTruncationBelowTheCollectorByteLimit" time="0.053326292">
</testcase>
<testcase classname="ThrottleTests.TaskIntegrationOutputTests" name="testSmallOutputIsUnchanged" time="0.052330291">
</testcase>
<testcase classname="ThrottleTests.TaskIntegrationOutputTests" name="testSplitUTF8AtTailBoundaryDoesNotEraseTheDiagnostic" time="0.054896542">
</testcase>
<testcase classname="ThrottleTests.TaskIntegrationOutputTests" name="testVerboseCommandKeepsABoundedTailWhileDraining" time="0.055271">
</testcase>
<testcase classname="ThrottleTests.TaskIntegrationRefusalTests" name="test_anOptionErrorIsUnknownRatherThanAListOfConflicts" time="0.448825084">
</testcase>
<testcase classname="ThrottleTests.TaskIntegrationRefusalTests" name="test_aRealConflictKeepsItsPathsAndDropsTheMessages" time="0.446026083">
</testcase>
<testcase classname="ThrottleTests.TaskIntegrationRefusalTests" name="test_assess_readsTheBranchOfAWorktreeSittingOnIt" time="1.634930333">
</testcase>
<testcase classname="ThrottleTests.TaskIntegrationHardeningTests" name="test_verify_passesWhenASuccessfulCommandLeavesSomethingRunning" time="4.293714209">
</testcase>
<testcase classname="ThrottleTests.TaskIntegrationRefusalTests" name="test_assess_refusesADetachedHEADEvenOnTheBranchTip" time="1.333382083">
</testcase>
<testcase classname="ThrottleTests.TaskIntegrationRefusalTests" name="test_emptyAndTruncatedOutputAreUnknown" time="0.447630042">
</testcase>
<testcase classname="ThrottleTests.TaskIntegrationRefusalTests" name="test_assess_refusesAWorktreeThatLeftItsBranch" time="3.181692333">
</testcase>
<testcase classname="ThrottleTests.TaskIntegrationRefusalTests" name="test_integrate_ignoresUntrackedFilesTheVerificationLeftBehind" time="3.985960833">
</testcase>
<testcase classname="ThrottleTests.TaskIntegrationRefusalTests" name="test_integrate_leavesTheWorktreeForItsCallerToDecideOn" time="3.116478708">
</testcase>
<testcase classname="ThrottleTests.TaskIntegrationRefusalTests" name="test_integrate_refusesADetachedRepositoryHEAD" time="2.532331792">
</testcase>
<testcase classname="ThrottleTests.TaskIntegrationRefusalTests" name="test_integrate_refusesARedCheck" time="2.91686175">
</testcase>
<testcase classname="ThrottleTests.TaskIntegrationRefusalTests" name="test_integrate_refusesWhenTheTaskItselfMovedAfterTheCheck" time="3.809305208">
</testcase>
<testcase classname="ThrottleTests.TaskIntegrationRefusalTests" name="test_integrate_stillRefusesModifiedTrackedFiles" time="2.966753708">
</testcase>
<testcase classname="ThrottleTests.TaskIntegrationRefusalTests" name="test_removeWorktree_dropsTheWorktreeOfAnIntegratedTask" time="3.453451208">
</testcase>
<testcase classname="ThrottleTests.TaskIntegrationRefusalTests" name="test_removeWorktree_keepsAWorktreeThatStillHoldsWorkAndSaysWhy" time="3.529870291">
</testcase>
<testcase classname="ThrottleTests.TaskIntegrationRefusalTests" name="testVerificationRecordsCommandReceiptWithoutClaimingTestCoverage" time="2.62307875">
</testcase>
<testcase classname="ThrottleTests.TaskIntegrationRefusalTests" name="testVerificationThatChangesTrackedInputsCannotPass" time="2.84827175">
</testcase>
<testcase classname="ThrottleTests.TaskIntegrationServiceTests" name="test_assess_refusesWhenThereIsNoWorktree" time="0.461194792">
</testcase>
<testcase classname="ThrottleTests.TaskIntegrationServiceTests" name="test_assess_namesTheConflictingFileWithoutTouchingTheWorktree" time="1.866843958">
</testcase>
<testcase classname="ThrottleTests.TaskIntegrationServiceTests" name="test_assess_reportsFilesAndAheadCount" time="1.483819083">
</testcase>
<testcase classname="ThrottleTests.TaskIntegrationServiceTests" name="test_diff_returnsTheTextAgainstTheMergeBase" time="0.967634">
</testcase>
<testcase classname="ThrottleTests.TaskIntegrationServiceTests" name="test_assess_seesUncommittedWork" time="1.570210625">
</testcase>
<testcase classname="ThrottleTests.TaskIntegrationServiceTests" name="test_integrate_refusesADirtyWorktree" time="2.959067708">
</testcase>
<testcase classname="ThrottleTests.TaskIntegrationServiceTests" name="test_integrate_fastForwardsTheBaseAndLogsTheSHA" time="3.238923917">
</testcase>
<testcase classname="ThrottleTests.TaskIntegrationServiceTests" name="test_integrate_refusesAGatedTaskWithoutAVerdict" time="1.556819709">
</testcase>
<testcase classname="ThrottleTests.TaskIntegrationServiceTests" name="test_integrate_refusesAnUnverifiedTask" time="1.562249625">
</testcase>
<testcase classname="ThrottleTests.TaskIntegrationServiceTests" name="test_rebase_abortsAndRestoresTheOriginalSHAOnConflict" time="2.137065125">
</testcase>
<testcase classname="ThrottleTests.TaskIntegrationServiceTests" name="test_integrate_refusesWhenTheBaseMovedAfterTheCheck" time="3.212460958">
</testcase>
<testcase classname="ThrottleTests.TaskIntegrationServiceTests" name="test_rebaseAbortFailed_carriesBothOutputsAndComparesByValue" time="0.452527083">
</testcase>
<testcase classname="ThrottleTests.TaskIntegrationServiceTests" name="test_rebase_replaysTheTaskOnTheAdvancedBase" time="2.34915525">
</testcase>
<testcase classname="ThrottleTests.TaskIntegrationServiceTests" name="test_rebaseRefusesAnUnresolvedVerification" time="1.055072334">
</testcase>
<testcase classname="ThrottleTests.TaskIntegrationServiceTests" name="test_verify_recordsAFailureWithItsOutput" time="2.57790525">
</testcase>
<testcase classname="ThrottleTests.TaskIntegrationServiceTests" name="test_verify_killsAHungCommandAtTheTimeoutAndReportsIt" time="3.998449083">
</testcase>
<testcase classname="ThrottleTests.TaskIntegrationServiceTests" name="test_verify_recordsAGreenCheckStampedWithBothSHAs" time="2.323541042">
</testcase>
<testcase classname="ThrottleTests.TaskIntegrationServiceTests" name="test_verify_runsInsideTheWorktreeNotTheRepo" time="2.245563584">
</testcase>
<testcase classname="ThrottleTests.TaskIntegrationServiceTests" name="test_verifyPersistsIntentBeforeLaunchingCommand" time="2.347351334">
</testcase>
<testcase classname="ThrottleTests.TaskIntegrationWorkContractTests" name="testIntegrateRefusesChangesOutsideThePersistedWorkContract" time="3.256752083">
</testcase>
<testcase classname="ThrottleTests.TaskVerificationLifecycleTests" name="testConcurrentControllersAdmitExactlyOneVerification" time="0.097294542">
</testcase>
<testcase classname="ThrottleTests.TaskVerificationLifecycleTests" name="testLateSuccessIsIncompleteAndWrongCommandCannotAcknowledge" time="0.074139083">
</testcase>
<testcase classname="ThrottleTests.TaskVerificationLifecycleTests" name="testLegacyUncheckedAcknowledgementCannotErasePendingExecution" time="0.076841917">
</testcase>
<testcase classname="ThrottleTests.TaskVerificationLifecycleTests" name="testReopenedUnacknowledgedExecutionBlocksRetryEvenAfterExpiry" time="0.0693655">
</testcase>
<testcase classname="ThrottleTests.TaskVerificationLifecycleTests" name="testStoppedObservationDoesNotPassTaskAndFencesLateCompletion" time="0.084751917">
</testcase>
<testcase classname="ThrottleTests.TaskVerificationLifecycleTests" name="testVerificationWithoutDurableStoreIsRefusedBeforeCommand" time="0.053550042">
</testcase>
<testcase classname="ThrottleTests.TaskVerificationProcessTests" name="testDuplicateOrExpiredProcessAttachmentCannotReplaceIdentity" time="0.113575667">
</testcase>
<testcase classname="ThrottleTests.TaskVerificationProcessTests" name="testFailedAdmissionNeverRunsCommandAndDisablesLateSignals" time="0.070697833">
</testcase>
<testcase classname="ThrottleTests.TaskIntegrationWorkContractTests" name="testIntegrateRefusesVerificationFromAnEarlierWorkContract" time="3.159004083">
</testcase>
<testcase classname="ThrottleTests.TaskVerificationProcessTests" name="testObservationDistinguishesReusedPIDAndAnotherBootWithoutSignalling" time="0.053922042">
</testcase>
<testcase classname="ThrottleTests.TaskVerificationProcessTests" name="testSuspendedIdentityIsDurableBeforeCommandAndDoesNotCertifyRecovery" time="0.085308208">
</testcase>
<testcase classname="ThrottleTests.TaskVerificationProcessTests" name="testFastTimeoutAlwaysPublishesInterruptionBeforeObservingExit" time="0.502387375">
</testcase>
<testcase classname="ThrottleTests.TestOutcomeDetectorTests" name="test_ansiColourAndCachedGoOutput" time="0.059289292">
</testcase>
<testcase classname="ThrottleTests.TestOutcomeDetectorTests" name="test_cargo" time="0.055872625">
</testcase>
<testcase classname="ThrottleTests.TestOutcomeDetectorTests" name="test_failureFirstAndErrorOnlyPytestSummaries" time="0.056432417">
</testcase>
<testcase classname="ThrottleTests.TestOutcomeDetectorTests" name="test_failureFromAnotherRunnerCannotBecomeGreen" time="0.05843525">
</testcase>
<testcase classname="ThrottleTests.TestOutcomeDetectorTests" name="test_go_fail" time="0.061456">
</testcase>
<testcase classname="ThrottleTests.TestOutcomeDetectorTests" name="test_go_ok" time="0.060103625">
</testcase>
<testcase classname="ThrottleTests.TestOutcomeDetectorTests" name="test_invalidAndEmptyCountsCannotBecomeGreen" time="0.062687916">
</testcase>
<testcase classname="ThrottleTests.TestOutcomeDetectorTests" name="test_jest_failedFirstOrder" time="0.057375709">
</testcase>
<testcase classname="ThrottleTests.TestOutcomeDetectorTests" name="test_jest_passOnly" time="0.058167292">
</testcase>
<testcase classname="ThrottleTests.TestOutcomeDetectorTests" name="test_laterSuccessDoesNotEraseFailureInTheSameObservedTail" time="0.056201625">
</testcase>
<testcase classname="ThrottleTests.TestOutcomeDetectorTests" name="test_noFalsePositiveOnProse" time="0.057368583">
</testcase>
<testcase classname="ThrottleTests.TestOutcomeDetectorTests" name="test_pytest_passOnly" time="0.053275916">
</testcase>
<testcase classname="ThrottleTests.TestOutcomeDetectorTests" name="test_summaryMentionedInProseIsNotObservedResult" time="0.055239208">
</testcase>
<testcase classname="ThrottleTests.TestOutcomeDetectorTests" name="test_pytest_withFailures" time="0.057655958">
</testcase>
<testcase classname="ThrottleTests.TestOutcomeDetectorTests" name="test_swiftTestingOrNodeFailureAfterXCTestSuccessIsNotGreen" time="0.055522208">
</testcase>
<testcase classname="ThrottleTests.TestOutcomeDetectorTests" name="test_swift" time="0.055524708">
</testcase>
<testcase classname="ThrottleTests.TestOutcomeStoreTests" name="test_malformedOrEmptyResultsCannotBecomeGreen" time="0.055871709">
</testcase>
<testcase classname="ThrottleTests.TestOutcomeStoreTests" name="test_failedAttemptsContributeToCostPerGreen" time="0.0558755">
</testcase>
<testcase classname="ThrottleTests.TestOutcomeStoreTests" name="test_stableOrderAndIndependentSessions" time="0.054757208">
</testcase>
<testcase classname="ThrottleTests.TestOutcomeStoreTests" name="test_missingCostsAndResetsCannotMakeMetricCheaper" time="0.054779208">
</testcase>
<testcase classname="ThrottleTests.TestOutcomeStoreTests" name="test_windowUsesHistoricalCostAnchor" time="0.055399875">
</testcase>
<testcase classname="ThrottleTests.TestOutcomeStoreTests" name="test_unrelatedProjectsAndAllFailuresDoNotCreateCostPerGreen" time="0.055439333">
</testcase>
<testcase classname="ThrottleTests.WorkflowContractIntegrationTests" name="testContractRefusesExitZeroWithoutTestEvidenceAndPersistsRefusal" time="3.047012083">
</testcase>
<testcase classname="ThrottleTests.WorkflowContractIntegrationTests" name="testChangedOrRemovedContractInvalidatesPersistedPassingEvidence" time="3.047365291">
</testcase>
<testcase classname="ThrottleTests.WorkflowContractIntegrationTests" name="testVerificationPromotesCandidateBeforeIntegration" time="3.258462625">
</testcase>
<testcase classname="ThrottleTests.WorkflowDesignContractTests" name="testChangingCopyChangesTheDesignAndWorkContractDigests" time="0.062235125">
</testcase>
<testcase classname="ThrottleTests.WorkflowDesignContractTests" name="testCompleteJourneyHasAStableDigestAndExplicitUnavailableTool" time="0.056798459">
</testcase>
<testcase classname="ThrottleTests.WorkflowContractIntegrationTests" name="testIntegrationReadsStoredContractDespiteStaleCallerAndGreenCommand" time="3.387347625">
</testcase>
<testcase classname="ThrottleTests.WorkflowDesignContractTests" name="testDesignRequiresReviewDimensionsAndCompatibleEvidence" time="0.058664042">
</testcase>
<testcase classname="ThrottleTests.WorkflowDesignContractTests" name="testEveryRuntimeStateMustBeCoveredOrExplicitlyNotApplicable" time="0.058660625">
</testcase>
<testcase classname="ThrottleTests.WorkflowEvidenceReceiptTests" name="test_changedInputsAreIncompleteEvenWithExitZero" time="0.057103041">
</testcase>
<testcase classname="ThrottleTests.WorkflowEvidenceReceiptTests" name="test_commandSuccessDoesNotProveTests" time="0.05640175">
</testcase>
<testcase classname="ThrottleTests.WorkflowEvidenceReceiptTests" name="test_inputDigestsAreOrderInsensitiveAllowlistedAndOptional" time="0.058560959">
</testcase>
<testcase classname="ThrottleTests.WorkflowEvidenceReceiptTests" name="test_testInventoryRequiresExactCoverageAndExplicitSkips" time="0.057507583">
</testcase>
<testcase classname="ThrottleTests.WorkflowEvidenceReceiptTests" name="test_unknownSchemaAndMissingEvidenceAreNotPromoted" time="0.063338542">
</testcase>
<testcase classname="ThrottleTests.WorkflowEvidenceReceiptTests" name="testContractRejectsInvalidRequirementsAndUnapprovedSkips" time="0.071346167">
</testcase>
<testcase classname="ThrottleTests.WorkflowEvidenceReceiptTests" name="testContractRequiresIndependentTestObligationsAndCurrentInputs" time="0.077495792">
</testcase>
<testcase classname="ThrottleTests.WorkflowFoundationTests" name="test_concurrentClaimsAcrossInstancesHaveOneWinner" time="0.108669666">
</testcase>
<testcase classname="ThrottleTests.WorkflowFoundationTests" name="test_eventEndpointCannotBypassCounterReview" time="0.080116125">
</testcase>
<testcase classname="ThrottleTests.WorkflowFoundationTests" name="test_concurrentAppendsPreserveAllEventsAndSequence" time="0.281420416">
</testcase>
<testcase classname="ThrottleTests.WorkflowFoundationTests" name="test_eventRetryIsIdempotentAndConflictingReuseIsRefused" time="0.079566292">
</testcase>
<testcase classname="ThrottleTests.WorkflowFoundationTests" name="test_partialLogIsPreservedAndRejectsAppend" time="0.095105125">
</testcase>
<testcase classname="ThrottleTests.WorkflowFoundationTests" name="test_staleOwnerCannotWriteAfterReassignment" time="0.095467792">
</testcase>
<testcase classname="ThrottleTests.WorkflowFoundationTests" name="test_symlinkedLogDoesNotWriteOutsideProject" time="0.072783792">
</testcase>
<testcase classname="ThrottleTests.WorkflowFoundationTests" name="test_projectLockIsVisibleToAnotherProcessAndReleased" time="0.223519125">
</testcase>
<testcase classname="ThrottleTests.WorkflowRecipeTests" name="testCatalogHasThreeVersionedRecipesWithoutAuthorityFields" time="0.080753208">
</testcase>
<testcase classname="ThrottleTests.WorkflowRecipeTests" name="testCandidateWaitsForEveryCurrentRunEvidenceRequirement" time="0.119495083">
</testcase>
<testcase classname="ThrottleTests.WorkflowRecipeTests" name="testClaimPinsRecipeAndInstructionSnapshot" time="0.080825541">
</testcase>
<testcase classname="ThrottleTests.WorkflowRecipeTests" name="testEvidenceFromAReleasedRunCannotCompleteANewClaim" time="0.085912041">
</testcase>
<testcase classname="ThrottleTests.WorkflowRecipeTests" name="testEvidenceWithoutAReferenceDoesNotSatisfyRecipe" time="0.077493416">
</testcase>
<testcase classname="ThrottleTests.WorkflowRecipeTests" name="testInstructionChangeInvalidatesTheClaim" time="0.07949775">
</testcase>
<testcase classname="ThrottleTests.WorkflowRecipeTests" name="testUnavailableRecipeRevisionCannotBeClaimed" time="0.0588">
</testcase>
<testcase classname="ThrottleTests.WorkflowResultImporterTests" name="test_aMalformedOrEmptyTreeIsRefused" time="0.056778917">
</testcase>
<testcase classname="ThrottleTests.WorkflowResultImporterTests" name="test_aMissingBundleIsNamedRatherThanGuessedAt" time="0.057571041">
</testcase>
<testcase classname="ThrottleTests.WorkflowResultImporterTests" name="test_anIncompleteRunIsRecordedAsIncompleteNotPassed" time="0.056387958">
</testcase>
<testcase classname="ThrottleTests.WorkflowResultImporterTests" name="test_anInventoryUpgradesAPassingCommandAndOnlyThat" time="0.05562875">
</testcase>
<testcase classname="ThrottleTests.WorkflowResultImporterTests" name="test_aStateTheImporterDoesNotUnderstandIsUnresolvedNotPassed" time="0.054262375">
</testcase>
<testcase classname="ThrottleTests.WorkflowResultImporterTests" name="test_theInventoryIsReadFromWhateverDepthTheCasesSitAt" time="0.054162583">
</testcase>
<testcase classname="ThrottleTests.WorkflowReviewGateTests" name="testBlockingNotVerifiedCannotBeCompensatedByAnotherPass" time="0.055976583">
</testcase>
<testcase classname="ThrottleTests.WorkflowReviewGateTests" name="testHumanCriterionCannotBeSatisfiedByAModelLabel" time="0.055272125">
</testcase>
<testcase classname="ThrottleTests.WorkflowReviewGateTests" name="testIndependentEvidenceBoundReportAcceptsAllBlockingCriteria" time="0.055844792">
</testcase>
<testcase classname="ThrottleTests.WorkflowReviewGateTests" name="testNonblockingFindingRemainsVisibleWithoutOverridingBlockingPasses" time="0.055991667">
</testcase>
<testcase classname="ThrottleTests.WorkflowReviewGateTests" name="testNotApplicableNeedsAReasonAndNoSyntheticEvidence" time="0.056898667">
</testcase>
<testcase classname="ThrottleTests.WorkflowReviewGateTests" name="testProducingRuntimeCannotReviewItself" time="0.055997708">
</testcase>
<testcase classname="ThrottleTests.WorkflowReviewGateTests" name="testReviewCannotCiteEvidenceAbsentFromTheTaskLedger" time="0.055729125">
</testcase>
<testcase classname="ThrottleTests.WorkflowReviewGateTests" name="testReviewOfEarlierCandidateIsStale" time="0.057025833">
</testcase>
<testcase classname="ThrottleTests.WorkflowReviewMCPTests" name="testClaimedVerdictMustMatchDeterministicCriterionDecision" time="0.077999084">
</testcase>
<testcase classname="ThrottleTests.WorkflowReviewMCPTests" name="testRouterDecodesTheStructuredReportObject" time="0.083873542">
</testcase>
<testcase classname="ThrottleTests.WorkflowReviewMCPTests" name="testRubricTaskRefusesLegacyVerdictWithoutReport" time="0.074648">
</testcase>
<testcase classname="ThrottleTests.WorkflowReviewMCPTests" name="testStructuredAcceptedReviewPersistsAndFinishesTask" time="0.08049425">
</testcase>
<testcase classname="ThrottleTests.WorkflowWorkContractTests" name="testClaimPinsWorkContractAndChangedPlanCannotCompleteCandidate" time="0.065127792">
</testcase>
<testcase classname="ThrottleTests.WorkflowWorkContractTests" name="testEveryBoundaryChangeInvalidatesTheEarlierDigest" time="0.056850292">
</testcase>
<testcase classname="ThrottleTests.WorkflowWorkContractTests" name="testPathScopeIsExactOrAnExplicitDirectoryPrefix" time="0.055862417">
</testcase>
<testcase classname="ThrottleTests.WorkflowWorkContractTests" name="testProductCycleIntentIsPinnedIntoTheTaskBoundary" time="0.057325375">
</testcase>
<testcase classname="ThrottleTests.WorkflowWorkContractTests" name="testUnchangedContractMayReachCandidateWithoutInventingRecipeEvidence" time="0.067615458">
</testcase>
<testcase classname="ThrottleTests.WorkflowWorkContractTests" name="testUnsafeAndContradictoryContractsFailClosed" time="0.057251417">
</testcase>
<testcase classname="ThrottleTests.WorkflowWorkContractTests" name="testValidContractHasStableDigestAndExplicitUnknownBudgets" time="0.056443167">
</testcase>
</testsuite>
</testsuites>
